<?xml version="1.0" encoding="UTF-8"?>
<!-- Generated by org.testng.reporters.JUnitReportReporter -->
<testsuite hostname="Dharini" failures="0" tests="5" name="datadrivenframework.LoginExcel" time="23.476" errors="0" timestamp="2023-06-13T21:04:30 EDT" skipped="0">
  <testcase classname="datadrivenframework.LoginExcel" name="testLoginWithValidCredentials" time="4.475"/>
  <testcase classname="datadrivenframework.LoginExcel" name="testLoginWithValidCredentials" time="4.476"/>
  <testcase classname="datadrivenframework.LoginExcel" name="testLoginWithValidCredentials" time="4.300"/>
  <testcase classname="datadrivenframework.LoginExcel" name="testLoginWithValidCredentials" time="4.478"/>
  <testcase classname="datadrivenframework.LoginExcel" name="testLoginWithValidCredentials" time="5.747"/>
</testsuite> <!-- datadrivenframework.LoginExcel -->
