<?xml version="1.0" encoding="UTF-8"?>
<!-- Generated by org.testng.reporters.JUnitReportReporter -->
<testsuite hostname="Dharini" failures="0" tests="1" name="testngdemo.LoginTest" time="3.915" errors="0" timestamp="2023-06-10T17:36:33 EDT" skipped="0">
  <testcase classname="testngdemo.LoginTest" name="testLoginWithValidCredentials" time="3.915"/>
</testsuite> <!-- testngdemo.LoginTest -->
