<?xml version="1.0" encoding="UTF-8"?>
<!-- Generated by org.testng.reporters.JUnitReportReporter -->
<testsuite hostname="Dharini" failures="0" tests="3" name="annotations.TestAnnotationDemo" time="0.008" errors="0" timestamp="2023-06-10T19:14:12 EDT" skipped="0">
  <testcase classname="annotations.TestAnnotationDemo" name="b" time="0.005"/>
  <testcase classname="annotations.TestAnnotationDemo" name="a" time="0.002"/>
  <testcase classname="annotations.TestAnnotationDemo" name="c" time="0.001"/>
</testsuite> <!-- annotations.TestAnnotationDemo -->
