<?xml version="1.0" encoding="UTF-8"?>
<!-- Generated by org.testng.reporters.JUnitReportReporter -->
<testsuite hostname="Dharini" failures="0" tests="1" name="com.acti.base.DriverScript" time="2.791" errors="0" timestamp="2023-06-16T07:20:40 EDT" skipped="0">
  <testcase classname="com.acti.base.DriverScript" name="initApplication" time="2.791"/>
</testsuite> <!-- com.acti.base.DriverScript -->
