<?xml version="1.0" encoding="UTF-8"?>
<!-- Generated by org.testng.reporters.JUnitReportReporter -->
<testsuite hostname="Dharini" failures="0" tests="4" name="com.acti.testcase.LoginPageTest" time="17.087" errors="0" timestamp="2023-06-18T13:58:11 EDT" skipped="0">
  <testcase classname="com.acti.testcase.LoginPageTest" name="testLoginPageTitle" time="3.206"/>
  <testcase classname="com.acti.testcase.LoginPageTest" name="initApplication" time="5.124"/>
  <testcase classname="com.acti.testcase.LoginPageTest" name="testForgotPasswordLink" time="2.671"/>
  <testcase classname="com.acti.testcase.LoginPageTest" name="testLoginFunction" time="6.086"/>
</testsuite> <!-- com.acti.testcase.LoginPageTest -->
