<?xml version="1.0" encoding="UTF-8"?>
<!-- Generated by org.testng.reporters.JUnitReportReporter -->
<testsuite hostname="Dharini" failures="0" tests="2" name="datadrivenframework.RegisterTest" time="12.092" errors="0" timestamp="2023-06-13T16:37:10 EDT" skipped="0">
  <testcase classname="datadrivenframework.RegisterTest" name="testRegistrationForm" time="6.331"/>
  <testcase classname="datadrivenframework.RegisterTest" name="testRegistrationForm" time="5.761"/>
</testsuite> <!-- datadrivenframework.RegisterTest -->
