<?xml version="1.0" encoding="UTF-8"?>
<!-- Generated by org.testng.reporters.JUnitReportReporter -->
<testsuite hostname="Dharini" failures="0" tests="2" name="datadrivenframework.LoginTest1" time="10.573" errors="0" timestamp="2023-06-13T17:15:06 EDT" skipped="0">
  <testcase classname="datadrivenframework.LoginTest1" name="testLoginWithValidCredentials" time="5.174"/>
  <testcase classname="datadrivenframework.LoginTest1" name="testLoginWithValidCredentials" time="5.399"/>
</testsuite> <!-- datadrivenframework.LoginTest1 -->
